
{
    "global": {
        "type": "global",
        "nParams": 0,
        "typeParams": [],
        "idParams": [],
        "nVars": 0,
        "startQuad": 0,
        "vars": {
            "a": {
                "type": "int",
                "address": 1000
            },
            "b": {
                "type": "int",
                "address": 1001
            },
            "c": {
                "type": "int",
                "address": 1002
            },
            "add": {
                "type": "int",
                "address": 1003
            }
        }
    },
    "add": {
        "type": "int",
        "nParams": 2,
        "typeParams": [
            "int",
            "int"
        ],
        "idParams": [
            "op1",
            "op2"
        ],
        "nVars": 0,
        "startQuad": 1,
        "vars": {
            "op1": {
                "type": "int",
                "address": 21000
            },
            "op2": {
                "type": "int",
                "address": 21001
            },
            "res": {
                "type": "int",
                "address": 21002
            },
            "t1": {
                "type": "int",
                "address": 31000
            }
        }
    },
    "subs": {
        "type": "void",
        "nParams": 2,
        "typeParams": [
            "int",
            "int"
        ],
        "idParams": [
            "op1",
            "op2"
        ],
        "nVars": 0,
        "startQuad": 5,
        "vars": {
            "op1": {
                "type": "int",
                "address": 21000
            },
            "op2": {
                "type": "int",
                "address": 21001
            },
            "res": {
                "type": "int",
                "address": 21002
            },
            "t2": {
                "type": "int",
                "address": 31000
            }
        }
    },
    "main": {
        "type": "void",
        "nParams": 0,
        "typeParams": [],
        "idParams": [],
        "nVars": 0,
        "startQuad": 9,
        "vars": {
            "j": {
                "type": "int",
                "address": 21000
            },
            "k": {
                "type": "int",
                "address": 21001
            },
            "l": {
                "type": "int",
                "address": 21002
            },
            "iterator": {
                "type": "int",
                "address": 21003
            }
        }
    },
    "ctes": {
        "values": {
            "25": {
                "type": "int",
                "address": 41000
            },
            "12": {
                "type": "int",
                "address": 41001
            },
            "10": {
                "type": "int",
                "address": 41002
            },
            "1": {
                "type": "int",
                "address": 41003
            },
            "\"thanks\"": {
                "type": "string",
                "address": 47000
            }
        }
    },
    "excecution": {
        "quads": "[(16, None, None, 9), (1, 21000, 21001, 31000), (13, 21002, None, 31000), (22, None, None, 21002), (23, None, None, None), (2, 21000, 21001, 31000), (13, 21002, None, 31000), (14, None, None, 21002), (23, None, None, None), (13, 21001, None, 41000), (13, 21002, None, 41001), (19, None, None, 'add'), (20, 41002, None, 1), (20, 41003, None, 2), (21, None, None, 1), (19, None, None, 'subs'), (20, 21001, None, 1), (20, 21002, None, 2), (21, None, None, 5), (14, None, None, 47000)]"
    }
}